<?xml version="1.0" encoding="UTF-8"?>
<!-- Generated by org.testng.reporters.JUnitReportReporter -->
<testsuite hostname="LAPTOP-IFFP6P5H" failures="0" tests="4" name="api.test.UserTests" time="28.500" errors="0" timestamp="2023-03-24T19:26:37 IST" skipped="0">
  <testcase classname="api.test.UserTests" name="testPostUser" time="7.794"/>
  <system-out/>
  <testcase classname="api.test.UserTests" name="getUserByName" time="8.959"/>
  <system-out/>
  <testcase classname="api.test.UserTests" name="UpadateUserByName" time="7.036"/>
  <system-out/>
  <testcase classname="api.test.UserTests" name="deleteUserByName" time="4.711"/>
  <system-out/>
</testsuite> <!-- api.test.UserTests -->
