<?xml version="1.0" encoding="UTF-8"?>
<!-- Generated by org.testng.reporters.JUnitReportReporter -->
<testsuite hostname="LAPTOP-IFFP6P5H" failures="0" tests="4" name="api.test.UserTests2" time="13.751" errors="0" timestamp="2023-03-24T19:28:17 IST" skipped="0">
  <testcase classname="api.test.UserTests2" name="testPostUser" time="6.646"/>
  <system-out/>
  <testcase classname="api.test.UserTests2" name="getUserByName" time="2.314"/>
  <system-out/>
  <testcase classname="api.test.UserTests2" name="UpadateUserByName" time="2.334"/>
  <system-out/>
  <testcase classname="api.test.UserTests2" name="deleteUserByName" time="2.457"/>
  <system-out/>
</testsuite> <!-- api.test.UserTests2 -->
