<?xml version="1.0" encoding="UTF-8"?>
<!-- Generated by org.testng.reporters.JUnitReportReporter -->
<testsuite hostname="LAPTOP-IFFP6P5H" failures="0" tests="3" name="api.test.StoreTest" time="15.128" errors="0" timestamp="2023-04-15T17:13:57 IST" skipped="0">
  <testcase classname="api.test.StoreTest" name="testCreateOrder" time="10.777"/>
  <system-out/>
  <testcase classname="api.test.StoreTest" name="testgetPOwithId" time="2.421"/>
  <system-out/>
  <testcase classname="api.test.StoreTest" name="testdetetePOwithId" time="1.930"/>
  <system-out/>
</testsuite> <!-- api.test.StoreTest -->
