<?xml version="1.0" encoding="UTF-8"?>
<!-- Generated by org.testng.reporters.JUnitReportReporter -->
<testsuite hostname="LAPTOP-IFFP6P5H" failures="0" tests="10" name="api.test.DDtests" time="25.544" errors="0" timestamp="2023-04-15T18:02:50 IST" skipped="0">
  <testcase classname="api.test.DDtests" name="testPostUser" time="2.240"/>
  <system-out/>
  <testcase classname="api.test.DDtests" name="testPostUser" time="2.042"/>
  <system-out/>
  <testcase classname="api.test.DDtests" name="testPostUser" time="6.253"/>
  <system-out/>
  <testcase classname="api.test.DDtests" name="testPostUser" time="2.452"/>
  <system-out/>
  <testcase classname="api.test.DDtests" name="testPostUser" time="2.196"/>
  <system-out/>
  <testcase classname="api.test.DDtests" name="testDeleteUserByName" time="2.288"/>
  <system-out/>
  <testcase classname="api.test.DDtests" name="testDeleteUserByName" time="2.156"/>
  <system-out/>
  <testcase classname="api.test.DDtests" name="testDeleteUserByName" time="1.727"/>
  <system-out/>
  <testcase classname="api.test.DDtests" name="testDeleteUserByName" time="2.042"/>
  <system-out/>
  <testcase classname="api.test.DDtests" name="testDeleteUserByName" time="2.148"/>
  <system-out/>
</testsuite> <!-- api.test.DDtests -->
